<?xml version="1.0" encoding="UTF-8"?>
<testsuite name="ar.edu.unq.desapp.grupod.backenddesappapi.model.IntentionTest" tests="9" skipped="0" failures="0" errors="0" timestamp="2024-06-17T20:44:36" hostname="DESKTOP-SKCGK58" time="0.818">
  <properties/>
  <testcase name="[1] operationType=BUY, hasUser=true, hasCryptoActive=true, pesosAmount=100.0" classname="ar.edu.unq.desapp.grupod.backenddesappapi.model.IntentionTest" time="0.569"/>
  <testcase name="[2] operationType=BUY, hasUser=true, hasCryptoActive=true, pesosAmount=0.0" classname="ar.edu.unq.desapp.grupod.backenddesappapi.model.IntentionTest" time="0.032"/>
  <testcase name="testGettersAndSetters()" classname="ar.edu.unq.desapp.grupod.backenddesappapi.model.IntentionTest" time="0.015"/>
  <testcase name="testNegativePesosAmount()" classname="ar.edu.unq.desapp.grupod.backenddesappapi.model.IntentionTest" time="0.028"/>
  <testcase name="testNullOperationType()" classname="ar.edu.unq.desapp.grupod.backenddesappapi.model.IntentionTest" time="0.034"/>
  <testcase name="testNullUser()" classname="ar.edu.unq.desapp.grupod.backenddesappapi.model.IntentionTest" time="0.056"/>
  <testcase name="testNullCryptoActive()" classname="ar.edu.unq.desapp.grupod.backenddesappapi.model.IntentionTest" time="0.041"/>
  <testcase name="testNullValues()" classname="ar.edu.unq.desapp.grupod.backenddesappapi.model.IntentionTest" time="0.007"/>
  <testcase name="testNullPesosAmount()" classname="ar.edu.unq.desapp.grupod.backenddesappapi.model.IntentionTest" time="0.013"/>
  <system-out><![CDATA[]]></system-out>
  <system-err><![CDATA[]]></system-err>
</testsuite>
