<?xml version="1.0" encoding="UTF-8"?>
<testsuite name="ar.edu.unq.desapp.grupod.backenddesappapi.exceptions.ExceptionsTests" tests="4" skipped="0" failures="0" errors="0" timestamp="2024-06-17T20:44:36" hostname="DESKTOP-SKCGK58" time="0.014">
  <properties/>
  <testcase name="testConstructorWithSymbolAndStatusCode()" classname="ar.edu.unq.desapp.grupod.backenddesappapi.exceptions.ExceptionsTests" time="0.003"/>
  <testcase name="testConstructorOperationNotFoundException()" classname="ar.edu.unq.desapp.grupod.backenddesappapi.exceptions.ExceptionsTests" time="0.003"/>
  <testcase name="testConstructorWithSymbol()" classname="ar.edu.unq.desapp.grupod.backenddesappapi.exceptions.ExceptionsTests" time="0.001"/>
  <testcase name="testConstructor()" classname="ar.edu.unq.desapp.grupod.backenddesappapi.exceptions.ExceptionsTests" time="0.001"/>
  <system-out><![CDATA[]]></system-out>
  <system-err><![CDATA[]]></system-err>
</testsuite>
