<?xml version="1.0" encoding="UTF-8"?>
<testsuite name="ar.edu.unq.desapp.grupod.backenddesappapi.model.UserTest" tests="23" skipped="0" failures="0" errors="0" timestamp="2024-06-17T20:44:44" hostname="DESKTOP-SKCGK58" time="0.621">
  <properties/>
  <testcase name="testWhenATransactionIsCancelledBySystemTheUserReputationIsNotAffected()" classname="ar.edu.unq.desapp.grupod.backenddesappapi.model.UserTest" time="0.01"/>
  <testcase name="testWalletCryptoMinAndMaxLength()" classname="ar.edu.unq.desapp.grupod.backenddesappapi.model.UserTest" time="0.031"/>
  <testcase name="testEmptyTransactionsList()" classname="ar.edu.unq.desapp.grupod.backenddesappapi.model.UserTest" time="0.011"/>
  <testcase name="directionMinAndMaxLength()" classname="ar.edu.unq.desapp.grupod.backenddesappapi.model.UserTest" time="0.013"/>
  <testcase name="lastnameMinAndMaxLength()" classname="ar.edu.unq.desapp.grupod.backenddesappapi.model.UserTest" time="0.007"/>
  <testcase name="testWhenATransactionIsSuccessfulTheUserIsAdded5Points()" classname="ar.edu.unq.desapp.grupod.backenddesappapi.model.UserTest" time="0.01"/>
  <testcase name="nameMinAndMaxLength()" classname="ar.edu.unq.desapp.grupod.backenddesappapi.model.UserTest" time="0.009"/>
  <testcase name="testSetIntentionsList()" classname="ar.edu.unq.desapp.grupod.backenddesappapi.model.UserTest" time="0.005"/>
  <testcase name="testWhenATransactionIsCancelledTheUsersReputationCantGoBelow0Points()" classname="ar.edu.unq.desapp.grupod.backenddesappapi.model.UserTest" time="0.009"/>
  <testcase name="testSingleFailedTransaction()" classname="ar.edu.unq.desapp.grupod.backenddesappapi.model.UserTest" time="0.224"/>
  <testcase name="testCreateUser()" classname="ar.edu.unq.desapp.grupod.backenddesappapi.model.UserTest" time="0.038"/>
  <testcase name="testNoSuccessfulTransactions()" classname="ar.edu.unq.desapp.grupod.backenddesappapi.model.UserTest" time="0.032"/>
  <testcase name="testAUserKnowsHowToHandleASuccesfulTransaction()" classname="ar.edu.unq.desapp.grupod.backenddesappapi.model.UserTest" time="0.023"/>
  <testcase name="testWhenATransactionIsCancelledTheUserWhoCancelledItHisReputationIsLoweredBy20Points()" classname="ar.edu.unq.desapp.grupod.backenddesappapi.model.UserTest" time="0.008"/>
  <testcase name="testWhenATransactionIsCancelledAndTheUserHasAnEmptyListOfTransactionsHisReputationIs0Points()" classname="ar.edu.unq.desapp.grupod.backenddesappapi.model.UserTest" time="0.013"/>
  <testcase name="testMixedTransactions()" classname="ar.edu.unq.desapp.grupod.backenddesappapi.model.UserTest" time="0.021"/>
  <testcase name="testAddIntentionToList()" classname="ar.edu.unq.desapp.grupod.backenddesappapi.model.UserTest" time="0.012"/>
  <testcase name="testInvalidEmail()" classname="ar.edu.unq.desapp.grupod.backenddesappapi.model.UserTest" time="0.019"/>
  <testcase name="testCVUMinAndMaxLength()" classname="ar.edu.unq.desapp.grupod.backenddesappapi.model.UserTest" time="0.018"/>
  <testcase name="testRemoveIntentionFromList()" classname="ar.edu.unq.desapp.grupod.backenddesappapi.model.UserTest" time="0.007"/>
  <testcase name="testIntentionsListInitialization()" classname="ar.edu.unq.desapp.grupod.backenddesappapi.model.UserTest" time="0.008"/>
  <testcase name="testSingleSuccessfulTransaction()" classname="ar.edu.unq.desapp.grupod.backenddesappapi.model.UserTest" time="0.009"/>
  <testcase name="testUserCreation()" classname="ar.edu.unq.desapp.grupod.backenddesappapi.model.UserTest" time="0.01"/>
  <system-out><![CDATA[?[2m2024-06-17T17:44:37.720-03:00?[0;39m ?[32m INFO?[0;39m ?[35m5808?[0;39m ?[2m---?[0;39m ?[2m[backend-desapp-api] [    Test worker]?[0;39m ?[2m?[0;39m?[36mt.c.s.AnnotationConfigContextLoaderUtils?[0;39m ?[2m:?[0;39m Could not detect default configuration classes for test class [ar.edu.unq.desapp.grupod.backenddesappapi.model.UserTest]: UserTest does not declare any static, non-private, non-final, nested classes annotated with @Configuration.
?[2m2024-06-17T17:44:37.789-03:00?[0;39m ?[32m INFO?[0;39m ?[35m5808?[0;39m ?[2m---?[0;39m ?[2m[backend-desapp-api] [    Test worker]?[0;39m ?[2m?[0;39m?[36m.b.t.c.SpringBootTestContextBootstrapper?[0;39m ?[2m:?[0;39m Found @SpringBootConfiguration ar.edu.unq.desapp.grupod.backenddesappapi.BackendDesappApiApplication for test class ar.edu.unq.desapp.grupod.backenddesappapi.model.UserTest

  .   ____          _            __ _ _
 /\\ / ___'_ __ _ _(_)_ __  __ _ \ \ \ \
( ( )\___ | '_ | '_| | '_ \/ _` | \ \ \ \
 \\/  ___)| |_)| | | | | || (_| |  ) ) ) )
  '  |____| .__|_| |_|_| |_\__, | / / / /
 =========|_|==============|___/=/_/_/_/
?[32m :: Spring Boot :: ?[39m              ?[2m (v3.2.3)?[0;39m

?[2m2024-06-17T17:44:38.029-03:00?[0;39m ?[32m INFO?[0;39m ?[35m5808?[0;39m ?[2m---?[0;39m ?[2m[backend-desapp-api] [    Test worker]?[0;39m ?[2m?[0;39m?[36ma.e.u.d.g.b.model.UserTest              ?[0;39m ?[2m:?[0;39m Starting UserTest using Java 17.0.7 with PID 5808 (started by Joaquin in C:\Users\Joaquin\Documents\UNQ\Dapp - UNQ\desapp-Grupo-D-202401\backend-desapp-api)
?[2m2024-06-17T17:44:38.034-03:00?[0;39m ?[32m INFO?[0;39m ?[35m5808?[0;39m ?[2m---?[0;39m ?[2m[backend-desapp-api] [    Test worker]?[0;39m ?[2m?[0;39m?[36ma.e.u.d.g.b.model.UserTest              ?[0;39m ?[2m:?[0;39m No active profile set, falling back to 1 default profile: "default"
?[2m2024-06-17T17:44:39.523-03:00?[0;39m ?[32m INFO?[0;39m ?[35m5808?[0;39m ?[2m---?[0;39m ?[2m[backend-desapp-api] [    Test worker]?[0;39m ?[2m?[0;39m?[36m.s.d.r.c.RepositoryConfigurationDelegate?[0;39m ?[2m:?[0;39m Bootstrapping Spring Data JPA repositories in DEFAULT mode.
?[2m2024-06-17T17:44:39.569-03:00?[0;39m ?[32m INFO?[0;39m ?[35m5808?[0;39m ?[2m---?[0;39m ?[2m[backend-desapp-api] [    Test worker]?[0;39m ?[2m?[0;39m?[36m.s.d.r.c.RepositoryConfigurationDelegate?[0;39m ?[2m:?[0;39m Finished Spring Data repository scanning in 42 ms. Found 4 JPA repository interfaces.
?[2m2024-06-17T17:44:39.965-03:00?[0;39m ?[32m INFO?[0;39m ?[35m5808?[0;39m ?[2m---?[0;39m ?[2m[backend-desapp-api] [    Test worker]?[0;39m ?[2m?[0;39m?[36m.e.s.o.t.o.p.UpfrontAllocatingPageSource?[0;39m ?[2m:?[0;39m Allocating 10.0MB in chunks
?[2m2024-06-17T17:44:39.983-03:00?[0;39m ?[32m INFO?[0;39m ?[35m5808?[0;39m ?[2m---?[0;39m ?[2m[backend-desapp-api] [    Test worker]?[0;39m ?[2m?[0;39m?[36morg.ehcache.core.EhcacheManager         ?[0;39m ?[2m:?[0;39m Cache 'cryptoCache' created in EhcacheManager.
?[2m2024-06-17T17:44:39.983-03:00?[0;39m ?[32m INFO?[0;39m ?[35m5808?[0;39m ?[2m---?[0;39m ?[2m[backend-desapp-api] [    Test worker]?[0;39m ?[2m?[0;39m?[36morg.ehcache.jsr107.Eh107CacheManager    ?[0;39m ?[2m:?[0;39m Registering Ehcache MBean javax.cache:type=CacheStatistics,CacheManager=urn.X-ehcache.jsr107-default-config,Cache=cryptoCache
?[2m2024-06-17T17:44:39.989-03:00?[0;39m ?[32m INFO?[0;39m ?[35m5808?[0;39m ?[2m---?[0;39m ?[2m[backend-desapp-api] [    Test worker]?[0;39m ?[2m?[0;39m?[36morg.ehcache.jsr107.Eh107CacheManager    ?[0;39m ?[2m:?[0;39m Registering Ehcache MBean javax.cache:type=CacheStatistics,CacheManager=urn.X-ehcache.jsr107-default-config,Cache=cryptoCache
?[2m2024-06-17T17:44:40.100-03:00?[0;39m ?[32m INFO?[0;39m ?[35m5808?[0;39m ?[2m---?[0;39m ?[2m[backend-desapp-api] [    Test worker]?[0;39m ?[2m?[0;39m?[36mo.hibernate.jpa.internal.util.LogHelper ?[0;39m ?[2m:?[0;39m HHH000204: Processing PersistenceUnitInfo [name: default]
?[2m2024-06-17T17:44:40.117-03:00?[0;39m ?[32m INFO?[0;39m ?[35m5808?[0;39m ?[2m---?[0;39m ?[2m[backend-desapp-api] [    Test worker]?[0;39m ?[2m?[0;39m?[36mo.h.c.internal.RegionFactoryInitiator   ?[0;39m ?[2m:?[0;39m HHH000026: Second-level cache disabled
?[2m2024-06-17T17:44:40.132-03:00?[0;39m ?[32m INFO?[0;39m ?[35m5808?[0;39m ?[2m---?[0;39m ?[2m[backend-desapp-api] [    Test worker]?[0;39m ?[2m?[0;39m?[36mo.s.o.j.p.SpringPersistenceUnitInfo     ?[0;39m ?[2m:?[0;39m No LoadTimeWeaver setup: ignoring JPA class transformer
?[2m2024-06-17T17:44:40.134-03:00?[0;39m ?[32m INFO?[0;39m ?[35m5808?[0;39m ?[2m---?[0;39m ?[2m[backend-desapp-api] [    Test worker]?[0;39m ?[2m?[0;39m?[36mcom.zaxxer.hikari.HikariDataSource      ?[0;39m ?[2m:?[0;39m HikariPool-3 - Starting...
?[2m2024-06-17T17:44:40.139-03:00?[0;39m ?[32m INFO?[0;39m ?[35m5808?[0;39m ?[2m---?[0;39m ?[2m[backend-desapp-api] [    Test worker]?[0;39m ?[2m?[0;39m?[36mcom.zaxxer.hikari.pool.HikariPool       ?[0;39m ?[2m:?[0;39m HikariPool-3 - Added connection conn20: url=jdbc:h2:mem:testdb user=SA
?[2m2024-06-17T17:44:40.140-03:00?[0;39m ?[32m INFO?[0;39m ?[35m5808?[0;39m ?[2m---?[0;39m ?[2m[backend-desapp-api] [    Test worker]?[0;39m ?[2m?[0;39m?[36mcom.zaxxer.hikari.HikariDataSource      ?[0;39m ?[2m:?[0;39m HikariPool-3 - Start completed.
?[2m2024-06-17T17:44:40.148-03:00?[0;39m ?[33m WARN?[0;39m ?[35m5808?[0;39m ?[2m---?[0;39m ?[2m[backend-desapp-api] [    Test worker]?[0;39m ?[2m?[0;39m?[36morg.hibernate.orm.deprecation           ?[0;39m ?[2m:?[0;39m HHH90000025: H2Dialect does not need to be specified explicitly using 'hibernate.dialect' (remove the property setting and it will be selected by default)
?[2m2024-06-17T17:44:40.501-03:00?[0;39m ?[32m INFO?[0;39m ?[35m5808?[0;39m ?[2m---?[0;39m ?[2m[backend-desapp-api] [    Test worker]?[0;39m ?[2m?[0;39m?[36mo.h.e.t.j.p.i.JtaPlatformInitiator      ?[0;39m ?[2m:?[0;39m HHH000489: No JTA platform available (set 'hibernate.transaction.jta.platform' to enable JTA platform integration)
?[2m2024-06-17T17:44:40.555-03:00?[0;39m ?[32m INFO?[0;39m ?[35m5808?[0;39m ?[2m---?[0;39m ?[2m[backend-desapp-api] [    Test worker]?[0;39m ?[2m?[0;39m?[36mj.LocalContainerEntityManagerFactoryBean?[0;39m ?[2m:?[0;39m Initialized JPA EntityManagerFactory for persistence unit 'default'
?[2m2024-06-17T17:44:41.154-03:00?[0;39m ?[32m INFO?[0;39m ?[35m5808?[0;39m ?[2m---?[0;39m ?[2m[backend-desapp-api] [    Test worker]?[0;39m ?[2m?[0;39m?[36ma.e.u.d.g.b.s.SecurityConfiguration     ?[0;39m ?[2m:?[0;39m >>> Initilizing Bean AuthenticationManager
?[2m2024-06-17T17:44:41.182-03:00?[0;39m ?[32m INFO?[0;39m ?[35m5808?[0;39m ?[2m---?[0;39m ?[2m[backend-desapp-api] [    Test worker]?[0;39m ?[2m?[0;39m?[36ma.e.u.d.g.b.s.SecurityConfiguration     ?[0;39m ?[2m:?[0;39m >>> Initilizing Bean BCryptPasswordEncoder
?[2m2024-06-17T17:44:41.376-03:00?[0;39m ?[33m WARN?[0;39m ?[35m5808?[0;39m ?[2m---?[0;39m ?[2m[backend-desapp-api] [    Test worker]?[0;39m ?[2m?[0;39m?[36mJpaBaseConfiguration$JpaWebConfiguration?[0;39m ?[2m:?[0;39m spring.jpa.open-in-view is enabled by default. Therefore, database queries may be performed during view rendering. Explicitly configure spring.jpa.open-in-view to disable this warning
?[2m2024-06-17T17:44:42.005-03:00?[0;39m ?[32m INFO?[0;39m ?[35m5808?[0;39m ?[2m---?[0;39m ?[2m[backend-desapp-api] [    Test worker]?[0;39m ?[2m?[0;39m?[36mo.s.b.a.e.web.EndpointLinksResolver     ?[0;39m ?[2m:?[0;39m Exposing 13 endpoint(s) beneath base path '/actuator'
?[2m2024-06-17T17:44:42.068-03:00?[0;39m ?[32m INFO?[0;39m ?[35m5808?[0;39m ?[2m---?[0;39m ?[2m[backend-desapp-api] [    Test worker]?[0;39m ?[2m?[0;39m?[36mo.s.s.web.DefaultSecurityFilterChain    ?[0;39m ?[2m:?[0;39m Will secure any request with [org.springframework.security.web.session.DisableEncodeUrlFilter@70c3462c, org.springframework.security.web.context.request.async.WebAsyncManagerIntegrationFilter@3afc292e, org.springframework.security.web.context.SecurityContextHolderFilter@49e2ec6, org.springframework.security.web.header.HeaderWriterFilter@5410dad1, org.springframework.web.filter.CorsFilter@17fa4bad, org.springframework.security.web.authentication.logout.LogoutFilter@4f1f946c, ar.edu.unq.desapp.grupod.backenddesappapi.security.jwt.JWTTokenFilter@26ae01e2, org.springframework.security.web.authentication.www.BasicAuthenticationFilter@65d5f41e, org.springframework.security.web.savedrequest.RequestCacheAwareFilter@55de4314, org.springframework.security.web.servletapi.SecurityContextHolderAwareRequestFilter@5a9d34d7, org.springframework.security.web.authentication.AnonymousAuthenticationFilter@3ba2cc8e, org.springframework.security.web.session.SessionManagementFilter@d2d837, org.springframework.security.web.access.ExceptionTranslationFilter@4ab30209, org.springframework.security.web.access.intercept.AuthorizationFilter@55687e18]
?[2m2024-06-17T17:44:43.597-03:00?[0;39m ?[32m INFO?[0;39m ?[35m5808?[0;39m ?[2m---?[0;39m ?[2m[backend-desapp-api] [    Test worker]?[0;39m ?[2m?[0;39m?[36mo.s.b.a.h2.H2ConsoleAutoConfiguration   ?[0;39m ?[2m:?[0;39m H2 console available at '/console'. Database available at 'jdbc:h2:mem:testdb'
?[2m2024-06-17T17:44:43.770-03:00?[0;39m ?[32m INFO?[0;39m ?[35m5808?[0;39m ?[2m---?[0;39m ?[2m[backend-desapp-api] [    Test worker]?[0;39m ?[2m?[0;39m?[36ma.e.u.d.g.b.model.UserTest              ?[0;39m ?[2m:?[0;39m Started UserTest in 5.958 seconds (process running for 73.388)
]]></system-out>
  <system-err><![CDATA[]]></system-err>
</testsuite>
