<?xml version="1.0" encoding="UTF-8"?>
<testsuite name="ar.edu.unq.desapp.grupod.backenddesappapi.service.UserServiceTest" tests="2" skipped="0" failures="0" errors="0" timestamp="2024-06-17T20:44:46" hostname="DESKTOP-SKCGK58" time="0.374">
  <properties/>
  <testcase name="testRegisterUser()" classname="ar.edu.unq.desapp.grupod.backenddesappapi.service.UserServiceTest" time="0.364"/>
  <testcase name="testGenerateReport()" classname="ar.edu.unq.desapp.grupod.backenddesappapi.service.UserServiceTest" time="0.009"/>
  <system-out><![CDATA[]]></system-out>
  <system-err><![CDATA[]]></system-err>
</testsuite>
