<?xml version="1.0" encoding="UTF-8"?>
<testsuite name="ar.edu.unq.desapp.grupod.backenddesappapi.service.BinanceAPIServiceTest" tests="4" skipped="0" failures="0" errors="0" timestamp="2024-06-17T20:44:45" hostname="DESKTOP-SKCGK58" time="0.699">
  <properties/>
  <testcase name="testLast24HrsPrices_Success()" classname="ar.edu.unq.desapp.grupod.backenddesappapi.service.BinanceAPIServiceTest" time="0.619"/>
  <testcase name="testLast24HrsPrices_Failure()" classname="ar.edu.unq.desapp.grupod.backenddesappapi.service.BinanceAPIServiceTest" time="0.028"/>
  <testcase name="testGetPricesOfCoins_Success()" classname="ar.edu.unq.desapp.grupod.backenddesappapi.service.BinanceAPIServiceTest" time="0.029"/>
  <testcase name="testGetPriceOfCoinSymbol()" classname="ar.edu.unq.desapp.grupod.backenddesappapi.service.BinanceAPIServiceTest" time="0.016"/>
  <system-out><![CDATA[?[2m2024-06-17T17:44:45.756-03:00?[0;39m ?[32m INFO?[0;39m ?[35m5808?[0;39m ?[2m---?[0;39m ?[2m[backend-desapp-api] [    Test worker]?[0;39m ?[2m?[0;39m?[36ma.e.u.d.g.b.services.BinanceAPIService  ?[0;39m ?[2m:?[0;39m [ALICEUSDT, MATICUSDT, AXSUSDT, AAVEUSDT, ATOMUSDT, NEOUSDT, DOTUSDT, ETHUSDT, CAKEUSDT, BTCUSDT, BNBUSDT, ADAUSDT, TRXUSDT, AUDIOUSDT]
?[2m2024-06-17T17:44:45.756-03:00?[0;39m ?[32m INFO?[0;39m ?[35m5808?[0;39m ?[2m---?[0;39m ?[2m[backend-desapp-api] [    Test worker]?[0;39m ?[2m?[0;39m?[36ma.e.u.d.g.b.services.BinanceAPIService  ?[0;39m ?[2m:?[0;39m ALICEUSDT
?[2m2024-06-17T17:44:45.759-03:00?[0;39m ?[32m INFO?[0;39m ?[35m5808?[0;39m ?[2m---?[0;39m ?[2m[backend-desapp-api] [    Test worker]?[0;39m ?[2m?[0;39m?[36ma.e.u.d.g.b.services.BinanceAPIService  ?[0;39m ?[2m:?[0;39m MATICUSDT
?[2m2024-06-17T17:44:45.760-03:00?[0;39m ?[32m INFO?[0;39m ?[35m5808?[0;39m ?[2m---?[0;39m ?[2m[backend-desapp-api] [    Test worker]?[0;39m ?[2m?[0;39m?[36ma.e.u.d.g.b.services.BinanceAPIService  ?[0;39m ?[2m:?[0;39m AXSUSDT
?[2m2024-06-17T17:44:45.764-03:00?[0;39m ?[32m INFO?[0;39m ?[35m5808?[0;39m ?[2m---?[0;39m ?[2m[backend-desapp-api] [    Test worker]?[0;39m ?[2m?[0;39m?[36ma.e.u.d.g.b.services.BinanceAPIService  ?[0;39m ?[2m:?[0;39m AAVEUSDT
?[2m2024-06-17T17:44:45.764-03:00?[0;39m ?[32m INFO?[0;39m ?[35m5808?[0;39m ?[2m---?[0;39m ?[2m[backend-desapp-api] [    Test worker]?[0;39m ?[2m?[0;39m?[36ma.e.u.d.g.b.services.BinanceAPIService  ?[0;39m ?[2m:?[0;39m ATOMUSDT
?[2m2024-06-17T17:44:45.765-03:00?[0;39m ?[32m INFO?[0;39m ?[35m5808?[0;39m ?[2m---?[0;39m ?[2m[backend-desapp-api] [    Test worker]?[0;39m ?[2m?[0;39m?[36ma.e.u.d.g.b.services.BinanceAPIService  ?[0;39m ?[2m:?[0;39m NEOUSDT
?[2m2024-06-17T17:44:45.765-03:00?[0;39m ?[32m INFO?[0;39m ?[35m5808?[0;39m ?[2m---?[0;39m ?[2m[backend-desapp-api] [    Test worker]?[0;39m ?[2m?[0;39m?[36ma.e.u.d.g.b.services.BinanceAPIService  ?[0;39m ?[2m:?[0;39m DOTUSDT
?[2m2024-06-17T17:44:45.766-03:00?[0;39m ?[32m INFO?[0;39m ?[35m5808?[0;39m ?[2m---?[0;39m ?[2m[backend-desapp-api] [    Test worker]?[0;39m ?[2m?[0;39m?[36ma.e.u.d.g.b.services.BinanceAPIService  ?[0;39m ?[2m:?[0;39m ETHUSDT
?[2m2024-06-17T17:44:45.766-03:00?[0;39m ?[32m INFO?[0;39m ?[35m5808?[0;39m ?[2m---?[0;39m ?[2m[backend-desapp-api] [    Test worker]?[0;39m ?[2m?[0;39m?[36ma.e.u.d.g.b.services.BinanceAPIService  ?[0;39m ?[2m:?[0;39m CAKEUSDT
?[2m2024-06-17T17:44:45.766-03:00?[0;39m ?[32m INFO?[0;39m ?[35m5808?[0;39m ?[2m---?[0;39m ?[2m[backend-desapp-api] [    Test worker]?[0;39m ?[2m?[0;39m?[36ma.e.u.d.g.b.services.BinanceAPIService  ?[0;39m ?[2m:?[0;39m BTCUSDT
?[2m2024-06-17T17:44:45.767-03:00?[0;39m ?[32m INFO?[0;39m ?[35m5808?[0;39m ?[2m---?[0;39m ?[2m[backend-desapp-api] [    Test worker]?[0;39m ?[2m?[0;39m?[36ma.e.u.d.g.b.services.BinanceAPIService  ?[0;39m ?[2m:?[0;39m BNBUSDT
?[2m2024-06-17T17:44:45.767-03:00?[0;39m ?[32m INFO?[0;39m ?[35m5808?[0;39m ?[2m---?[0;39m ?[2m[backend-desapp-api] [    Test worker]?[0;39m ?[2m?[0;39m?[36ma.e.u.d.g.b.services.BinanceAPIService  ?[0;39m ?[2m:?[0;39m ADAUSDT
?[2m2024-06-17T17:44:45.768-03:00?[0;39m ?[32m INFO?[0;39m ?[35m5808?[0;39m ?[2m---?[0;39m ?[2m[backend-desapp-api] [    Test worker]?[0;39m ?[2m?[0;39m?[36ma.e.u.d.g.b.services.BinanceAPIService  ?[0;39m ?[2m:?[0;39m TRXUSDT
?[2m2024-06-17T17:44:45.768-03:00?[0;39m ?[32m INFO?[0;39m ?[35m5808?[0;39m ?[2m---?[0;39m ?[2m[backend-desapp-api] [    Test worker]?[0;39m ?[2m?[0;39m?[36ma.e.u.d.g.b.services.BinanceAPIService  ?[0;39m ?[2m:?[0;39m AUDIOUSDT
?[2m2024-06-17T17:44:45.785-03:00?[0;39m ?[32m INFO?[0;39m ?[35m5808?[0;39m ?[2m---?[0;39m ?[2m[backend-desapp-api] [    Test worker]?[0;39m ?[2m?[0;39m?[36ma.e.u.d.g.b.services.BinanceAPIService  ?[0;39m ?[2m:?[0;39m BTC
]]></system-out>
  <system-err><![CDATA[]]></system-err>
</testsuite>
