<?xml version="1.0" encoding="UTF-8"?>
<testsuite name="ar.edu.unq.desapp.grupod.backenddesappapi.service.TransactionServiceTest" tests="2" skipped="0" failures="0" errors="0" timestamp="2024-06-17T20:44:46" hostname="DESKTOP-SKCGK58" time="0.04">
  <properties/>
  <testcase name="testProcessTransaction_Confirm()" classname="ar.edu.unq.desapp.grupod.backenddesappapi.service.TransactionServiceTest" time="0.028"/>
  <testcase name="testProcessTransaction_Cancel()" classname="ar.edu.unq.desapp.grupod.backenddesappapi.service.TransactionServiceTest" time="0.008"/>
  <system-out><![CDATA[?[2m2024-06-17T17:44:45.992-03:00?[0;39m ?[32m INFO?[0;39m ?[35m5808?[0;39m ?[2m---?[0;39m ?[2m[backend-desapp-api] [    Test worker]?[0;39m ?[2m?[0;39m?[36mt.c.s.AnnotationConfigContextLoaderUtils?[0;39m ?[2m:?[0;39m Could not detect default configuration classes for test class [ar.edu.unq.desapp.grupod.backenddesappapi.service.TransactionServiceTest]: TransactionServiceTest does not declare any static, non-private, non-final, nested classes annotated with @Configuration.
?[2m2024-06-17T17:44:45.994-03:00?[0;39m ?[32m INFO?[0;39m ?[35m5808?[0;39m ?[2m---?[0;39m ?[2m[backend-desapp-api] [    Test worker]?[0;39m ?[2m?[0;39m?[36m.b.t.c.SpringBootTestContextBootstrapper?[0;39m ?[2m:?[0;39m Found @SpringBootConfiguration ar.edu.unq.desapp.grupod.backenddesappapi.BackendDesappApiApplication for test class ar.edu.unq.desapp.grupod.backenddesappapi.service.TransactionServiceTest
]]></system-out>
  <system-err><![CDATA[]]></system-err>
</testsuite>
