<?xml version="1.0" encoding="UTF-8"?>
<testsuite name="ar.edu.unq.desapp.grupod.backenddesappapi.model.CryptoActiveTest" tests="4" skipped="0" failures="0" errors="0" timestamp="2024-06-17T20:44:36" hostname="DESKTOP-SKCGK58" time="0.175">
  <properties/>
  <testcase name="testGettersAndSetters()" classname="ar.edu.unq.desapp.grupod.backenddesappapi.model.CryptoActiveTest" time="0.001"/>
  <testcase name="testValidCryptoActive()" classname="ar.edu.unq.desapp.grupod.backenddesappapi.model.CryptoActiveTest" time="0.034"/>
  <testcase name="testInvalidSymbol()" classname="ar.edu.unq.desapp.grupod.backenddesappapi.model.CryptoActiveTest" time="0.014"/>
  <testcase name="testNegativePrice()" classname="ar.edu.unq.desapp.grupod.backenddesappapi.model.CryptoActiveTest" time="0.081"/>
  <system-out><![CDATA[]]></system-out>
  <system-err><![CDATA[]]></system-err>
</testsuite>
