<?xml version="1.0" encoding="UTF-8"?>
<testsuite name="ar.edu.unq.desapp.grupoD.backenddesappapi.model.CryptoActiveTest" tests="4" skipped="0" failures="0" errors="0" timestamp="2024-05-18T20:26:38" hostname="DESKTOP-SKCGK58" time="0.098">
  <properties/>
  <testcase name="testGettersAndSetters()" classname="ar.edu.unq.desapp.grupoD.backenddesappapi.model.CryptoActiveTest" time="0.011"/>
  <testcase name="testValidCryptoActive()" classname="ar.edu.unq.desapp.grupoD.backenddesappapi.model.CryptoActiveTest" time="0.027"/>
  <testcase name="testInvalidSymbol()" classname="ar.edu.unq.desapp.grupoD.backenddesappapi.model.CryptoActiveTest" time="0.019"/>
  <testcase name="testNegativePrice()" classname="ar.edu.unq.desapp.grupoD.backenddesappapi.model.CryptoActiveTest" time="0.015"/>
  <system-out><![CDATA[]]></system-out>
  <system-err><![CDATA[]]></system-err>
</testsuite>
