<?xml version="1.0" encoding="UTF-8"?>
<testsuite name="ar.edu.unq.desapp.grupoD.backenddesappapi.service.TransactionServiceTest" tests="2" skipped="0" failures="0" errors="0" timestamp="2024-05-18T20:26:41" hostname="DESKTOP-SKCGK58" time="0.059">
  <properties/>
  <testcase name="testProcessTransaction_Confirm()" classname="ar.edu.unq.desapp.grupoD.backenddesappapi.service.TransactionServiceTest" time="0.05"/>
  <testcase name="testProcessTransaction_Cancel()" classname="ar.edu.unq.desapp.grupoD.backenddesappapi.service.TransactionServiceTest" time="0.006"/>
  <system-out><![CDATA[?[2m2024-05-18T17:26:40.839-03:00?[0;39m ?[32m INFO?[0;39m ?[35m10364?[0;39m ?[2m---?[0;39m ?[2m[backend-desapp-api] [    Test worker]?[0;39m ?[2m?[0;39m?[36mt.c.s.AnnotationConfigContextLoaderUtils?[0;39m ?[2m:?[0;39m Could not detect default configuration classes for test class [ar.edu.unq.desapp.grupoD.backenddesappapi.service.TransactionServiceTest]: TransactionServiceTest does not declare any static, non-private, non-final, nested classes annotated with @Configuration.
?[2m2024-05-18T17:26:40.845-03:00?[0;39m ?[32m INFO?[0;39m ?[35m10364?[0;39m ?[2m---?[0;39m ?[2m[backend-desapp-api] [    Test worker]?[0;39m ?[2m?[0;39m?[36m.b.t.c.SpringBootTestContextBootstrapper?[0;39m ?[2m:?[0;39m Found @SpringBootConfiguration ar.edu.unq.desapp.grupoD.backenddesappapi.BackendDesappApiApplication for test class ar.edu.unq.desapp.grupoD.backenddesappapi.service.TransactionServiceTest
]]></system-out>
  <system-err><![CDATA[]]></system-err>
</testsuite>
