<?xml version="1.0" encoding="UTF-8"?>
<testsuite name="ar.edu.unq.desapp.grupoD.backenddesappapi.model.RoleTest" tests="2" skipped="0" failures="0" errors="0" timestamp="2024-05-18T18:53:00" hostname="DESKTOP-SKCGK58" time="0.021">
  <properties/>
  <testcase name="testRoleNoArgsConstructor()" classname="ar.edu.unq.desapp.grupoD.backenddesappapi.model.RoleTest" time="0.016"/>
  <testcase name="testRoleDataAnnotation()" classname="ar.edu.unq.desapp.grupoD.backenddesappapi.model.RoleTest" time="0.001"/>
  <system-out><![CDATA[]]></system-out>
  <system-err><![CDATA[]]></system-err>
</testsuite>
