<?xml version="1.0" encoding="UTF-8"?>
<testsuite name="ar.edu.unq.desapp.grupoD.backenddesappapi.BackendDesappApiApplicationTests" tests="1" skipped="0" failures="0" errors="0" timestamp="2024-05-18T20:26:36" hostname="DESKTOP-SKCGK58" time="1.174">
  <properties/>
  <testcase name="contextLoads()" classname="ar.edu.unq.desapp.grupoD.backenddesappapi.BackendDesappApiApplicationTests" time="1.174"/>
  <system-out><![CDATA[17:26:09.672 [Test worker] INFO org.springframework.test.context.support.AnnotationConfigContextLoaderUtils -- Could not detect default configuration classes for test class [ar.edu.unq.desapp.grupoD.backenddesappapi.BackendDesappApiApplicationTests]: BackendDesappApiApplicationTests does not declare any static, non-private, non-final, nested classes annotated with @Configuration.
17:26:11.600 [Test worker] INFO org.springframework.boot.test.context.SpringBootTestContextBootstrapper -- Found @SpringBootConfiguration ar.edu.unq.desapp.grupoD.backenddesappapi.BackendDesappApiApplication for test class ar.edu.unq.desapp.grupoD.backenddesappapi.BackendDesappApiApplicationTests

  .   ____          _            __ _ _
 /\\ / ___'_ __ _ _(_)_ __  __ _ \ \ \ \
( ( )\___ | '_ | '_| | '_ \/ _` | \ \ \ \
 \\/  ___)| |_)| | | | | || (_| |  ) ) ) )
  '  |____| .__|_| |_|_| |_\__, | / / / /
 =========|_|==============|___/=/_/_/_/
?[32m :: Spring Boot :: ?[39m              ?[2m (v3.2.3)?[0;39m

?[2m2024-05-18T17:26:14.497-03:00?[0;39m ?[32m INFO?[0;39m ?[35m10364?[0;39m ?[2m---?[0;39m ?[2m[backend-desapp-api] [    Test worker]?[0;39m ?[2m?[0;39m?[36mu.d.g.b.BackendDesappApiApplicationTests?[0;39m ?[2m:?[0;39m Starting BackendDesappApiApplicationTests using Java 17.0.7 with PID 10364 (started by Joaquin in C:\Users\Joaquin\Documents\UNQ\Dapp - UNQ\desapp-Grupo-D-202401\backend-desapp-api)
?[2m2024-05-18T17:26:14.501-03:00?[0;39m ?[32m INFO?[0;39m ?[35m10364?[0;39m ?[2m---?[0;39m ?[2m[backend-desapp-api] [    Test worker]?[0;39m ?[2m?[0;39m?[36mu.d.g.b.BackendDesappApiApplicationTests?[0;39m ?[2m:?[0;39m No active profile set, falling back to 1 default profile: "default"
?[2m2024-05-18T17:26:18.460-03:00?[0;39m ?[32m INFO?[0;39m ?[35m10364?[0;39m ?[2m---?[0;39m ?[2m[backend-desapp-api] [    Test worker]?[0;39m ?[2m?[0;39m?[36m.s.d.r.c.RepositoryConfigurationDelegate?[0;39m ?[2m:?[0;39m Bootstrapping Spring Data JPA repositories in DEFAULT mode.
?[2m2024-05-18T17:26:18.702-03:00?[0;39m ?[32m INFO?[0;39m ?[35m10364?[0;39m ?[2m---?[0;39m ?[2m[backend-desapp-api] [    Test worker]?[0;39m ?[2m?[0;39m?[36m.s.d.r.c.RepositoryConfigurationDelegate?[0;39m ?[2m:?[0;39m Finished Spring Data repository scanning in 211 ms. Found 5 JPA repository interfaces.
?[2m2024-05-18T17:26:20.825-03:00?[0;39m ?[32m INFO?[0;39m ?[35m10364?[0;39m ?[2m---?[0;39m ?[2m[backend-desapp-api] [    Test worker]?[0;39m ?[2m?[0;39m?[36mo.hibernate.jpa.internal.util.LogHelper ?[0;39m ?[2m:?[0;39m HHH000204: Processing PersistenceUnitInfo [name: default]
?[2m2024-05-18T17:26:21.152-03:00?[0;39m ?[32m INFO?[0;39m ?[35m10364?[0;39m ?[2m---?[0;39m ?[2m[backend-desapp-api] [    Test worker]?[0;39m ?[2m?[0;39m?[36morg.hibernate.Version                   ?[0;39m ?[2m:?[0;39m HHH000412: Hibernate ORM core version 6.4.4.Final
?[2m2024-05-18T17:26:21.316-03:00?[0;39m ?[32m INFO?[0;39m ?[35m10364?[0;39m ?[2m---?[0;39m ?[2m[backend-desapp-api] [    Test worker]?[0;39m ?[2m?[0;39m?[36mo.h.c.internal.RegionFactoryInitiator   ?[0;39m ?[2m:?[0;39m HHH000026: Second-level cache disabled
?[2m2024-05-18T17:26:22.678-03:00?[0;39m ?[32m INFO?[0;39m ?[35m10364?[0;39m ?[2m---?[0;39m ?[2m[backend-desapp-api] [    Test worker]?[0;39m ?[2m?[0;39m?[36mo.s.o.j.p.SpringPersistenceUnitInfo     ?[0;39m ?[2m:?[0;39m No LoadTimeWeaver setup: ignoring JPA class transformer
?[2m2024-05-18T17:26:22.855-03:00?[0;39m ?[32m INFO?[0;39m ?[35m10364?[0;39m ?[2m---?[0;39m ?[2m[backend-desapp-api] [    Test worker]?[0;39m ?[2m?[0;39m?[36mcom.zaxxer.hikari.HikariDataSource      ?[0;39m ?[2m:?[0;39m HikariPool-1 - Starting...
?[2m2024-05-18T17:26:24.769-03:00?[0;39m ?[32m INFO?[0;39m ?[35m10364?[0;39m ?[2m---?[0;39m ?[2m[backend-desapp-api] [    Test worker]?[0;39m ?[2m?[0;39m?[36mcom.zaxxer.hikari.pool.HikariPool       ?[0;39m ?[2m:?[0;39m HikariPool-1 - Added connection conn0: url=jdbc:h2:mem:testdb user=SA
?[2m2024-05-18T17:26:24.779-03:00?[0;39m ?[32m INFO?[0;39m ?[35m10364?[0;39m ?[2m---?[0;39m ?[2m[backend-desapp-api] [    Test worker]?[0;39m ?[2m?[0;39m?[36mcom.zaxxer.hikari.HikariDataSource      ?[0;39m ?[2m:?[0;39m HikariPool-1 - Start completed.
?[2m2024-05-18T17:26:24.912-03:00?[0;39m ?[33m WARN?[0;39m ?[35m10364?[0;39m ?[2m---?[0;39m ?[2m[backend-desapp-api] [    Test worker]?[0;39m ?[2m?[0;39m?[36morg.hibernate.orm.deprecation           ?[0;39m ?[2m:?[0;39m HHH90000025: H2Dialect does not need to be specified explicitly using 'hibernate.dialect' (remove the property setting and it will be selected by default)
?[2m2024-05-18T17:26:30.761-03:00?[0;39m ?[32m INFO?[0;39m ?[35m10364?[0;39m ?[2m---?[0;39m ?[2m[backend-desapp-api] [    Test worker]?[0;39m ?[2m?[0;39m?[36mo.h.e.t.j.p.i.JtaPlatformInitiator      ?[0;39m ?[2m:?[0;39m HHH000489: No JTA platform available (set 'hibernate.transaction.jta.platform' to enable JTA platform integration)
?[2m2024-05-18T17:26:31.031-03:00?[0;39m ?[32m INFO?[0;39m ?[35m10364?[0;39m ?[2m---?[0;39m ?[2m[backend-desapp-api] [    Test worker]?[0;39m ?[2m?[0;39m?[36mj.LocalContainerEntityManagerFactoryBean?[0;39m ?[2m:?[0;39m Initialized JPA EntityManagerFactory for persistence unit 'default'
?[2m2024-05-18T17:26:33.544-03:00?[0;39m ?[33m WARN?[0;39m ?[35m10364?[0;39m ?[2m---?[0;39m ?[2m[backend-desapp-api] [    Test worker]?[0;39m ?[2m?[0;39m?[36mJpaBaseConfiguration$JpaWebConfiguration?[0;39m ?[2m:?[0;39m spring.jpa.open-in-view is enabled by default. Therefore, database queries may be performed during view rendering. Explicitly configure spring.jpa.open-in-view to disable this warning
?[2m2024-05-18T17:26:35.397-03:00?[0;39m ?[32m INFO?[0;39m ?[35m10364?[0;39m ?[2m---?[0;39m ?[2m[backend-desapp-api] [    Test worker]?[0;39m ?[2m?[0;39m?[36mo.s.b.a.h2.H2ConsoleAutoConfiguration   ?[0;39m ?[2m:?[0;39m H2 console available at '/console'. Database available at 'jdbc:h2:mem:testdb'
?[2m2024-05-18T17:26:35.563-03:00?[0;39m ?[32m INFO?[0;39m ?[35m10364?[0;39m ?[2m---?[0;39m ?[2m[backend-desapp-api] [    Test worker]?[0;39m ?[2m?[0;39m?[36mu.d.g.b.BackendDesappApiApplicationTests?[0;39m ?[2m:?[0;39m Started BackendDesappApiApplicationTests in 22.448 seconds (process running for 32.444)
]]></system-out>
  <system-err><![CDATA[]]></system-err>
</testsuite>
