<?xml version="1.0" encoding="UTF-8"?>
<testsuite name="ar.edu.unq.desapp.grupoD.backenddesappapi.model.IntentionTest" tests="6" skipped="0" failures="0" errors="0" timestamp="2024-05-18T18:52:58" hostname="DESKTOP-SKCGK58" time="0.924">
  <properties/>
  <testcase name="testValidIntention()" classname="ar.edu.unq.desapp.grupoD.backenddesappapi.model.IntentionTest" time="0.701"/>
  <testcase name="testGettersAndSetters()" classname="ar.edu.unq.desapp.grupoD.backenddesappapi.model.IntentionTest" time="0.03"/>
  <testcase name="testNegativePesosAmount()" classname="ar.edu.unq.desapp.grupoD.backenddesappapi.model.IntentionTest" time="0.034"/>
  <testcase name="testNullUser()" classname="ar.edu.unq.desapp.grupoD.backenddesappapi.model.IntentionTest" time="0.049"/>
  <testcase name="testNullCryptoActive()" classname="ar.edu.unq.desapp.grupoD.backenddesappapi.model.IntentionTest" time="0.032"/>
  <testcase name="testNullValues()" classname="ar.edu.unq.desapp.grupoD.backenddesappapi.model.IntentionTest" time="0.034"/>
  <system-out><![CDATA[]]></system-out>
  <system-err><![CDATA[]]></system-err>
</testsuite>
