<?xml version="1.0" encoding="UTF-8"?>
<testsuite name="ar.edu.unq.desapp.grupoD.backenddesappapi.service.UserServiceTest" tests="1" skipped="0" failures="0" errors="0" timestamp="2024-05-18T20:35:33" hostname="DESKTOP-SKCGK58" time="0.146">
  <properties/>
  <testcase name="testRegisterUser()" classname="ar.edu.unq.desapp.grupoD.backenddesappapi.service.UserServiceTest" time="0.146"/>
  <system-out><![CDATA[]]></system-out>
  <system-err><![CDATA[]]></system-err>
</testsuite>
