<?xml version="1.0" encoding="UTF-8"?>
<testsuite name="ar.edu.unq.desapp.grupoD.backenddesappapi.model.IntentionTest" tests="6" skipped="0" failures="0" errors="0" timestamp="2024-05-18T20:26:38" hostname="DESKTOP-SKCGK58" time="0.782">
  <properties/>
  <testcase name="testValidIntention()" classname="ar.edu.unq.desapp.grupoD.backenddesappapi.model.IntentionTest" time="0.481"/>
  <testcase name="testGettersAndSetters()" classname="ar.edu.unq.desapp.grupoD.backenddesappapi.model.IntentionTest" time="0.044"/>
  <testcase name="testNegativePesosAmount()" classname="ar.edu.unq.desapp.grupoD.backenddesappapi.model.IntentionTest" time="0.05"/>
  <testcase name="testNullUser()" classname="ar.edu.unq.desapp.grupoD.backenddesappapi.model.IntentionTest" time="0.111"/>
  <testcase name="testNullCryptoActive()" classname="ar.edu.unq.desapp.grupoD.backenddesappapi.model.IntentionTest" time="0.03"/>
  <testcase name="testNullValues()" classname="ar.edu.unq.desapp.grupoD.backenddesappapi.model.IntentionTest" time="0.018"/>
  <system-out><![CDATA[]]></system-out>
  <system-err><![CDATA[]]></system-err>
</testsuite>
