<?xml version="1.0" encoding="UTF-8"?>
<testsuite name="ar.edu.unq.desapp.grupoD.backenddesappapi.service.TransactionServiceTest" tests="2" skipped="0" failures="0" errors="0" timestamp="2024-05-18T20:35:32" hostname="DESKTOP-SKCGK58" time="0.075">
  <properties/>
  <testcase name="testProcessTransaction_Confirm()" classname="ar.edu.unq.desapp.grupoD.backenddesappapi.service.TransactionServiceTest" time="0.063"/>
  <testcase name="testProcessTransaction_Cancel()" classname="ar.edu.unq.desapp.grupoD.backenddesappapi.service.TransactionServiceTest" time="0.008"/>
  <system-out><![CDATA[?[2m2024-05-18T17:35:32.651-03:00?[0;39m ?[32m INFO?[0;39m ?[35m18376?[0;39m ?[2m---?[0;39m ?[2m[backend-desapp-api] [    Test worker]?[0;39m ?[2m?[0;39m?[36mt.c.s.AnnotationConfigContextLoaderUtils?[0;39m ?[2m:?[0;39m Could not detect default configuration classes for test class [ar.edu.unq.desapp.grupoD.backenddesappapi.service.TransactionServiceTest]: TransactionServiceTest does not declare any static, non-private, non-final, nested classes annotated with @Configuration.
?[2m2024-05-18T17:35:32.655-03:00?[0;39m ?[32m INFO?[0;39m ?[35m18376?[0;39m ?[2m---?[0;39m ?[2m[backend-desapp-api] [    Test worker]?[0;39m ?[2m?[0;39m?[36m.b.t.c.SpringBootTestContextBootstrapper?[0;39m ?[2m:?[0;39m Found @SpringBootConfiguration ar.edu.unq.desapp.grupoD.backenddesappapi.BackendDesappApiApplication for test class ar.edu.unq.desapp.grupoD.backenddesappapi.service.TransactionServiceTest
]]></system-out>
  <system-err><![CDATA[]]></system-err>
</testsuite>
